<?xml version='1.0' encoding='UTF-8'?>
<testsuite hostname="Duys-MacBook-Air.local" name="funsets.FunSetSuite" tests="9" errors="0" failures="0" skipped="0" time="0.081">
                     <properties>
[...]
</properties>
                     <testcase classname="funsets.FunSetSuite" name="contains is implemented" time="0.021">
                                                 
                                               </testcase><testcase classname="funsets.FunSetSuite" name="singletonSet(1) contains 1" time="0.011">
                                                 
                                               </testcase><testcase classname="funsets.FunSetSuite" name="union contains all elements of each set" time="0.005">
                                                 
                                               </testcase><testcase classname="funsets.FunSetSuite" name="intersect elements contain in all set" time="0.005">
                                                 
                                               </testcase><testcase classname="funsets.FunSetSuite" name="diff elements contain in s not in t" time="0.005">
                                                 
                                               </testcase><testcase classname="funsets.FunSetSuite" name="filter elements contain in s satisfies f" time="0.008">
                                                 
                                               </testcase><testcase classname="funsets.FunSetSuite" name="forall if all elements contain in s satisfies f" time="0.009">
                                                 
                                               </testcase><testcase classname="funsets.FunSetSuite" name="exists if at least 1 element contain in s satisfies f" time="0.008">
                                                 
                                               </testcase><testcase classname="funsets.FunSetSuite" name="map all element contain in s to a new set with f" time="0.009">
                                                 
                                               </testcase>
                     <system-out></system-out>
                     <system-err></system-err>
                   </testsuite>